src/Library/Bee/Android/Prj/Mono2x/Gradle/launcher/build/outputs/logs/manifest-merger-release-report.txt
-- Merging decision tree log ---
manifest
ADDED from src\main\AndroidManifest.xml:2:1-5:12
INJECTED from src\main\AndroidManifest.xml:2:1-5:12
INJECTED from src\main\AndroidManifest.xml:2:1-5:12
INJECTED from src\main\AndroidManifest.xml:2:1-5:12
MERGED from [:unityLibrary] AndroidManifest.xml:2:1-84:12
MERGED from [com.google.ar:core:1.22.0] AndroidManifest.xml:17:1-49:12
MERGED from [:VuforiaEngine:] AndroidManifest.xml:2:1-36:12
INJECTED from src\main\AndroidManifest.xml:2:1-5:12
INJECTED from src\main\AndroidManifest.xml:2:1-5:12
INJECTED from src\main\AndroidManifest.xml:2:1-5:12
	package
		ADDED from src\main\AndroidManifest.xml:2:70-106
		INJECTED from src\main\AndroidManifest.xml
		INJECTED from src\main\AndroidManifest.xml
	android:versionName
		INJECTED from src\main\AndroidManifest.xml
		ADDED from src\main\AndroidManifest.xml:2:1-5:12
		INJECTED from src\main\AndroidManifest.xml
	xmlns:tools
		ADDED from src\main\AndroidManifest.xml:2:107-153
	android:versionCode
		INJECTED from src\main\AndroidManifest.xml
		ADDED from src\main\AndroidManifest.xml:2:1-5:12
		INJECTED from src\main\AndroidManifest.xml
	xmlns:android
		ADDED from src\main\AndroidManifest.xml:2:11-69
	android:installLocation
		ADDED from src\main\AndroidManifest.xml:2:154-194
supports-screens
ADDED from src\main\AndroidManifest.xml:3:3-163
	android:largeScreens
		ADDED from src\main\AndroidManifest.xml:3:78-105
	android:smallScreens
		ADDED from src\main\AndroidManifest.xml:3:21-48
	android:normalScreens
		ADDED from src\main\AndroidManifest.xml:3:49-77
	android:xlargeScreens
		ADDED from src\main\AndroidManifest.xml:3:106-134
	android:anyDensity
		ADDED from src\main\AndroidManifest.xml:3:135-160
application
ADDED from src\main\AndroidManifest.xml:4:3-83
MERGED from [:unityLibrary] AndroidManifest.xml:38:5-82:19
MERGED from [:unityLibrary] AndroidManifest.xml:38:5-82:19
MERGED from [com.google.ar:core:1.22.0] AndroidManifest.xml:33:5-47:19
MERGED from [com.google.ar:core:1.22.0] AndroidManifest.xml:33:5-47:19
MERGED from [:VuforiaEngine:] AndroidManifest.xml:24:5-34:19
MERGED from [:VuforiaEngine:] AndroidManifest.xml:24:5-34:19
	android:extractNativeLibs
		ADDED from [:unityLibrary] AndroidManifest.xml:38:18-50
	android:label
		ADDED from src\main\AndroidManifest.xml:4:16-48
	android:icon
		ADDED from src\main\AndroidManifest.xml:4:49-80
uses-sdk
INJECTED from src\main\AndroidManifest.xml reason: use-sdk injection requested
INJECTED from src\main\AndroidManifest.xml
INJECTED from src\main\AndroidManifest.xml
MERGED from [:unityLibrary] AndroidManifest.xml:8:5-10:41
MERGED from [:unityLibrary] AndroidManifest.xml:8:5-10:41
MERGED from [com.google.ar:core:1.22.0] AndroidManifest.xml:25:5-27:41
MERGED from [com.google.ar:core:1.22.0] AndroidManifest.xml:25:5-27:41
MERGED from [:VuforiaEngine:] AndroidManifest.xml:5:5-44
MERGED from [:VuforiaEngine:] AndroidManifest.xml:5:5-44
INJECTED from src\main\AndroidManifest.xml
INJECTED from src\main\AndroidManifest.xml
	android:targetSdkVersion
		INJECTED from src\main\AndroidManifest.xml
		ADDED from src\main\AndroidManifest.xml
		INJECTED from src\main\AndroidManifest.xml
	android:minSdkVersion
		INJECTED from src\main\AndroidManifest.xml
		ADDED from src\main\AndroidManifest.xml
		INJECTED from src\main\AndroidManifest.xml
uses-feature#0x00030000
ADDED from [:unityLibrary] AndroidManifest.xml:12:5-54
	android:glEsVersion
		ADDED from [:unityLibrary] AndroidManifest.xml:12:19-51
uses-feature#android.hardware.vulkan.version
ADDED from [:unityLibrary] AndroidManifest.xml:13:5-15:36
	android:required
		ADDED from [:unityLibrary] AndroidManifest.xml:15:9-33
	android:name
		ADDED from [:unityLibrary] AndroidManifest.xml:14:9-55
uses-permission#android.permission.CAMERA
ADDED from [:unityLibrary] AndroidManifest.xml:17:5-65
MERGED from [:VuforiaEngine:] AndroidManifest.xml:10:5-65
MERGED from [:VuforiaEngine:] AndroidManifest.xml:10:5-65
	android:name
		ADDED from [:unityLibrary] AndroidManifest.xml:17:22-62
uses-feature#android.hardware.camera
ADDED from [:unityLibrary] AndroidManifest.xml:19:5-21:36
MERGED from [:VuforiaEngine:] AndroidManifest.xml:7:5-60
MERGED from [:VuforiaEngine:] AndroidManifest.xml:7:5-60
	android:required
		ADDED from [:unityLibrary] AndroidManifest.xml:21:9-33
		MERGED from src\main\AndroidManifest.xml
	android:name
		ADDED from [:unityLibrary] AndroidManifest.xml:20:9-47
uses-feature#android.hardware.camera.autofocus
ADDED from [:unityLibrary] AndroidManifest.xml:22:5-24:36
	android:required
		ADDED from [:unityLibrary] AndroidManifest.xml:24:9-33
	android:name
		ADDED from [:unityLibrary] AndroidManifest.xml:23:9-57
uses-feature#android.hardware.camera.front
ADDED from [:unityLibrary] AndroidManifest.xml:25:5-27:36
	android:required
		ADDED from [:unityLibrary] AndroidManifest.xml:27:9-33
	android:name
		ADDED from [:unityLibrary] AndroidManifest.xml:26:9-53
uses-feature#android.hardware.touchscreen
ADDED from [:unityLibrary] AndroidManifest.xml:28:5-30:36
	android:required
		ADDED from [:unityLibrary] AndroidManifest.xml:30:9-33
	android:name
		ADDED from [:unityLibrary] AndroidManifest.xml:29:9-52
uses-feature#android.hardware.touchscreen.multitouch
ADDED from [:unityLibrary] AndroidManifest.xml:31:5-33:36
	android:required
		ADDED from [:unityLibrary] AndroidManifest.xml:33:9-33
	android:name
		ADDED from [:unityLibrary] AndroidManifest.xml:32:9-63
uses-feature#android.hardware.touchscreen.multitouch.distinct
ADDED from [:unityLibrary] AndroidManifest.xml:34:5-36:36
	android:required
		ADDED from [:unityLibrary] AndroidManifest.xml:36:9-33
	android:name
		ADDED from [:unityLibrary] AndroidManifest.xml:35:9-72
activity#com.unity3d.player.UnityPlayerActivity
ADDED from [:unityLibrary] AndroidManifest.xml:39:9-59:20
	android:screenOrientation
		ADDED from [:unityLibrary] AndroidManifest.xml:45:13-49
	android:launchMode
		ADDED from [:unityLibrary] AndroidManifest.xml:43:13-44
	android:hardwareAccelerated
		ADDED from [:unityLibrary] AndroidManifest.xml:42:13-48
	android:resizeableActivity
		ADDED from [:unityLibrary] AndroidManifest.xml:44:13-47
	android:configChanges
		ADDED from [:unityLibrary] AndroidManifest.xml:41:13-194
	android:theme
		ADDED from [:unityLibrary] AndroidManifest.xml:46:13-54
	android:name
		ADDED from [:unityLibrary] AndroidManifest.xml:40:13-66
intent-filter#action:name:android.intent.action.MAIN+category:name:android.intent.category.LAUNCHER
ADDED from [:unityLibrary] AndroidManifest.xml:47:13-51:29
action#android.intent.action.MAIN
ADDED from [:unityLibrary] AndroidManifest.xml:48:17-69
	android:name
		ADDED from [:unityLibrary] AndroidManifest.xml:48:25-66
category#android.intent.category.LAUNCHER
ADDED from [:unityLibrary] AndroidManifest.xml:50:17-77
	android:name
		ADDED from [:unityLibrary] AndroidManifest.xml:50:27-74
meta-data#unityplayer.UnityActivity
ADDED from [:unityLibrary] AndroidManifest.xml:53:13-55:40
	android:value
		ADDED from [:unityLibrary] AndroidManifest.xml:55:17-37
	android:name
		ADDED from [:unityLibrary] AndroidManifest.xml:54:17-57
meta-data#android.notch_support
ADDED from [:unityLibrary] AndroidManifest.xml:56:13-58:40
	android:value
		ADDED from [:unityLibrary] AndroidManifest.xml:58:17-37
	android:name
		ADDED from [:unityLibrary] AndroidManifest.xml:57:17-53
meta-data#unity.splash-mode
ADDED from [:unityLibrary] AndroidManifest.xml:61:9-63:33
	android:value
		ADDED from [:unityLibrary] AndroidManifest.xml:63:13-30
	android:name
		ADDED from [:unityLibrary] AndroidManifest.xml:62:13-45
meta-data#unity.splash-enable
ADDED from [:unityLibrary] AndroidManifest.xml:64:9-66:36
	android:value
		ADDED from [:unityLibrary] AndroidManifest.xml:66:13-33
	android:name
		ADDED from [:unityLibrary] AndroidManifest.xml:65:13-47
meta-data#unity.launch-fullscreen
ADDED from [:unityLibrary] AndroidManifest.xml:67:9-69:36
	android:value
		ADDED from [:unityLibrary] AndroidManifest.xml:69:13-33
	android:name
		ADDED from [:unityLibrary] AndroidManifest.xml:68:13-51
meta-data#unity.allow-resizable-window
ADDED from [:unityLibrary] AndroidManifest.xml:70:9-72:37
	android:value
		ADDED from [:unityLibrary] AndroidManifest.xml:72:13-34
	android:name
		ADDED from [:unityLibrary] AndroidManifest.xml:71:13-56
meta-data#notch.config
ADDED from [:unityLibrary] AndroidManifest.xml:73:9-75:50
	android:value
		ADDED from [:unityLibrary] AndroidManifest.xml:75:13-47
	android:name
		ADDED from [:unityLibrary] AndroidManifest.xml:74:13-40
meta-data#unity.auto-report-fully-drawn
ADDED from [:unityLibrary] AndroidManifest.xml:76:9-78:36
	android:value
		ADDED from [:unityLibrary] AndroidManifest.xml:78:13-33
	android:name
		ADDED from [:unityLibrary] AndroidManifest.xml:77:13-57
meta-data#com.google.ar.core
ADDED from [:unityLibrary] AndroidManifest.xml:79:9-81:40
	android:value
		ADDED from [:unityLibrary] AndroidManifest.xml:81:13-37
	android:name
		ADDED from [:unityLibrary] AndroidManifest.xml:80:13-46
queries
ADDED from [com.google.ar:core:1.22.0] AndroidManifest.xml:29:5-31:15
package#com.google.ar.core
ADDED from [com.google.ar:core:1.22.0] AndroidManifest.xml:30:9-54
	android:name
		ADDED from [com.google.ar:core:1.22.0] AndroidManifest.xml:30:18-51
meta-data#com.google.ar.core.min_apk_version
ADDED from [com.google.ar:core:1.22.0] AndroidManifest.xml:36:9-38:41
	android:value
		ADDED from [com.google.ar:core:1.22.0] AndroidManifest.xml:38:13-38
	android:name
		ADDED from [com.google.ar:core:1.22.0] AndroidManifest.xml:37:13-62
activity#com.google.ar.core.InstallActivity
ADDED from [com.google.ar:core:1.22.0] AndroidManifest.xml:40:9-46:80
	android:excludeFromRecents
		ADDED from [com.google.ar:core:1.22.0] AndroidManifest.xml:43:13-46
	android:launchMode
		ADDED from [com.google.ar:core:1.22.0] AndroidManifest.xml:45:13-43
	android:exported
		ADDED from [com.google.ar:core:1.22.0] AndroidManifest.xml:44:13-37
	android:configChanges
		ADDED from [com.google.ar:core:1.22.0] AndroidManifest.xml:42:13-74
	android:theme
		ADDED from [com.google.ar:core:1.22.0] AndroidManifest.xml:46:13-77
	android:name
		ADDED from [com.google.ar:core:1.22.0] AndroidManifest.xml:41:13-62
uses-permission#android.permission.HIGH_SAMPLING_RATE_SENSORS
ADDED from [:VuforiaEngine:] AndroidManifest.xml:16:5-85
	android:name
		ADDED from [:VuforiaEngine:] AndroidManifest.xml:16:22-82
uses-permission#android.permission.ACCESS_NETWORK_STATE
ADDED from [:VuforiaEngine:] AndroidManifest.xml:19:5-79
	android:name
		ADDED from [:VuforiaEngine:] AndroidManifest.xml:19:22-76
uses-permission#android.permission.INTERNET
ADDED from [:VuforiaEngine:] AndroidManifest.xml:22:5-67
	android:name
		ADDED from [:VuforiaEngine:] AndroidManifest.xml:22:22-64
provider#com.vuforia.engine.app.VuforiaContentProvider
ADDED from [:VuforiaEngine:] AndroidManifest.xml:25:9-33:20
	android:grantUriPermissions
		ADDED from [:VuforiaEngine:] AndroidManifest.xml:29:13-47
	android:authorities
		ADDED from [:VuforiaEngine:] AndroidManifest.xml:27:13-65
	android:exported
		ADDED from [:VuforiaEngine:] AndroidManifest.xml:28:13-37
	android:name
		ADDED from [:VuforiaEngine:] AndroidManifest.xml:26:13-73
meta-data#android.support.FILE_PROVIDER_PATHS
ADDED from [:VuforiaEngine:] AndroidManifest.xml:30:13-32:53
	android:resource
		ADDED from [:VuforiaEngine:] AndroidManifest.xml:32:17-50
	android:name
		ADDED from [:VuforiaEngine:] AndroidManifest.xml:31:17-67